2018-12-03 03:27:59,549 CRIT Supervisor running as root (no user in config file)
2018-12-03 03:27:59,549 INFO Included extra file "/etc/supervisor/conf.d/supervisord.conf" during parsing
2018-12-03 03:27:59,578 INFO RPC interface 'supervisor' initialized
2018-12-03 03:27:59,579 CRIT Server 'unix_http_server' running without any HTTP authentication checking
2018-12-03 03:27:59,579 INFO supervisord started with pid 1
2018-12-03 03:28:00,584 INFO spawned: 'varnishd' with pid 16
2018-12-03 03:28:00,589 INFO spawned: 'php-fpm' with pid 17
2018-12-03 03:28:00,593 INFO spawned: 'varnish-plugins-watcher' with pid 18
2018-12-03 03:28:00,600 INFO spawned: 'nginx' with pid 19
2018-12-03 03:28:00,605 INFO spawned: 'MailHog' with pid 20
2018-12-03 03:28:00,610 INFO spawned: 'mysql' with pid 21
2018-12-03 03:28:00,612 INFO spawned: 'varnish-themes-watcher' with pid 22
2018-12-03 03:28:01,735 INFO success: varnishd entered RUNNING state, process has stayed up for > than 1 seconds (startsecs)
2018-12-03 03:28:01,736 INFO success: php-fpm entered RUNNING state, process has stayed up for > than 1 seconds (startsecs)
2018-12-03 03:28:01,736 INFO success: varnish-plugins-watcher entered RUNNING state, process has stayed up for > than 1 seconds (startsecs)
2018-12-03 03:28:01,736 INFO success: nginx entered RUNNING state, process has stayed up for > than 1 seconds (startsecs)
2018-12-03 03:28:01,736 INFO success: MailHog entered RUNNING state, process has stayed up for > than 1 seconds (startsecs)
2018-12-03 03:28:01,738 INFO success: mysql entered RUNNING state, process has stayed up for > than 1 seconds (startsecs)
2018-12-03 03:28:01,738 INFO success: varnish-themes-watcher entered RUNNING state, process has stayed up for > than 1 seconds (startsecs)
2018-12-03 07:22:14,060 WARN received SIGTERM indicating exit request
2018-12-03 07:22:14,061 INFO waiting for varnishd, php-fpm, varnish-plugins-watcher, nginx, MailHog, mysql, varnish-themes-watcher to die
2018-12-03 07:22:15,063 INFO stopped: varnish-themes-watcher (terminated by SIGTERM)
2018-12-03 07:22:15,074 INFO stopped: mysql (exit status 0)
2018-12-03 07:22:15,075 INFO stopped: MailHog (terminated by SIGTERM)
2018-12-03 07:22:15,078 INFO stopped: nginx (exit status 0)
2018-12-03 07:22:16,080 INFO stopped: varnish-plugins-watcher (terminated by SIGTERM)
2018-12-03 07:22:16,092 INFO stopped: php-fpm (exit status 0)
2018-12-03 07:22:16,776 INFO reaped unknown pid 30
2018-12-03 07:22:17,102 INFO waiting for varnishd to die
2018-12-03 07:22:17,204 INFO stopped: varnishd (exit status 0)
2018-12-03 07:37:24,715 CRIT Supervisor running as root (no user in config file)
2018-12-03 07:37:24,716 INFO Included extra file "/etc/supervisor/conf.d/supervisord.conf" during parsing
2018-12-03 07:37:24,789 INFO RPC interface 'supervisor' initialized
2018-12-03 07:37:24,797 CRIT Server 'unix_http_server' running without any HTTP authentication checking
2018-12-03 07:37:24,798 INFO supervisord started with pid 1
2018-12-03 07:37:25,808 INFO spawned: 'varnishd' with pid 51
2018-12-03 07:37:25,827 INFO spawned: 'php-fpm' with pid 52
2018-12-03 07:37:25,842 INFO spawned: 'varnish-plugins-watcher' with pid 53
2018-12-03 07:37:25,860 INFO spawned: 'nginx' with pid 54
2018-12-03 07:37:25,869 INFO spawned: 'MailHog' with pid 55
2018-12-03 07:37:25,880 INFO spawned: 'mysql' with pid 56
2018-12-03 07:37:25,896 INFO spawned: 'varnish-themes-watcher' with pid 59
2018-12-03 07:37:26,965 INFO success: varnishd entered RUNNING state, process has stayed up for > than 1 seconds (startsecs)
2018-12-03 07:37:26,966 INFO success: php-fpm entered RUNNING state, process has stayed up for > than 1 seconds (startsecs)
2018-12-03 07:37:26,966 INFO success: varnish-plugins-watcher entered RUNNING state, process has stayed up for > than 1 seconds (startsecs)
2018-12-03 07:37:26,966 INFO success: nginx entered RUNNING state, process has stayed up for > than 1 seconds (startsecs)
2018-12-03 07:37:26,966 INFO success: MailHog entered RUNNING state, process has stayed up for > than 1 seconds (startsecs)
2018-12-03 07:37:26,966 INFO success: mysql entered RUNNING state, process has stayed up for > than 1 seconds (startsecs)
2018-12-03 07:37:26,967 INFO success: varnish-themes-watcher entered RUNNING state, process has stayed up for > than 1 seconds (startsecs)
