[03-Dec-2018 03:28:30 UTC] PHP Warning:  fopen(/app/public/wp-content/plugins/akismet/wrapper.php): failed to open stream: No such file or directory in /app/public/wp-includes/functions.php on line 4848
[03-Dec-2018 03:28:30 UTC] PHP Warning:  fread() expects parameter 1 to be resource, boolean given in /app/public/wp-includes/functions.php on line 4851
[03-Dec-2018 03:28:30 UTC] PHP Warning:  fclose() expects parameter 1 to be resource, boolean given in /app/public/wp-includes/functions.php on line 4854
[03-Dec-2018 03:33:01 UTC] PHP Warning:  require(/app/public/wp-blog-header.php): failed to open stream: No such file or directory in /app/public/index.php on line 17
[03-Dec-2018 03:33:01 UTC] PHP Fatal error:  require(): Failed opening required '/app/public/wp-blog-header.php' (include_path='.:/usr/share/php:/www/wp-content/pear') in /app/public/index.php on line 17
[03-Dec-2018 03:34:45 UTC] PHP Warning:  require(/app/public/wp-blog-header.php): failed to open stream: No such file or directory in /app/public/index.php on line 17
[03-Dec-2018 03:34:45 UTC] PHP Fatal error:  require(): Failed opening required '/app/public/wp-blog-header.php' (include_path='.:/usr/share/php:/www/wp-content/pear') in /app/public/index.php on line 17
[03-Dec-2018 03:44:06 UTC] PHP Parse error:  syntax error, unexpected 'endif' (T_ENDIF), expecting end of file in /app/public/web/wp-content/themes/alchem-child/home-sections/section-news.php on line 79
[03-Dec-2018 03:44:08 UTC] PHP Parse error:  syntax error, unexpected 'endif' (T_ENDIF), expecting end of file in /app/public/web/wp-content/themes/alchem-child/home-sections/section-news.php on line 79
[03-Dec-2018 03:44:22 UTC] PHP Parse error:  syntax error, unexpected 'endif' (T_ENDIF), expecting end of file in /app/public/web/wp-content/themes/alchem-child/home-sections/section-news.php on line 80
[03-Dec-2018 03:44:24 UTC] PHP Parse error:  syntax error, unexpected 'endif' (T_ENDIF), expecting end of file in /app/public/web/wp-content/themes/alchem-child/home-sections/section-news.php on line 80
[03-Dec-2018 03:47:23 UTC] PHP Parse error:  syntax error, unexpected end of file in /app/public/web/wp-content/themes/alchem-child/home-sections/section-news.php on line 70
[03-Dec-2018 03:48:35 UTC] PHP Parse error:  syntax error, unexpected 'else' (T_ELSE) in /app/public/web/wp-content/themes/alchem-child/home-sections/section-news.php on line 51
[03-Dec-2018 03:51:03 UTC] PHP Parse error:  syntax error, unexpected 'else' (T_ELSE), expecting end of file in /app/public/web/wp-content/themes/alchem-child/home-sections/section-news.php on line 43
[03-Dec-2018 03:51:07 UTC] PHP Parse error:  syntax error, unexpected 'else' (T_ELSE), expecting end of file in /app/public/web/wp-content/themes/alchem-child/home-sections/section-news.php on line 45
[03-Dec-2018 06:10:02 UTC] PHP Fatal error:  Uncaught Error: Call to undefined function get_theme_directory_uri() in /app/public/web/wp-content/themes/twentyseventeen-child/header.php:31
Stack trace:
#0 /app/public/web/wp-includes/template.php(688): require_once()
#1 /app/public/web/wp-includes/template.php(647): load_template('/app/public/web...', true)
#2 /app/public/web/wp-includes/general-template.php(41): locate_template(Array, true)
#3 /app/public/web/wp-content/themes/twentyseventeen-child/index.php(18): get_header()
#4 /app/public/web/wp-includes/template-loader.php(74): include('/app/public/web...')
#5 /app/public/web/wp-blog-header.php(19): require_once('/app/public/web...')
#6 /app/public/index.php(17): require('/app/public/web...')
#7 {main}
  thrown in /app/public/web/wp-content/themes/twentyseventeen-child/header.php on line 31
[03-Dec-2018 06:18:03 UTC] PHP Fatal error:  Uncaught Error: Call to undefined function get_field() in /app/public/web/wp-content/themes/twentyseventeen-child/header.php:53
Stack trace:
#0 /app/public/web/wp-includes/template.php(688): require_once()
#1 /app/public/web/wp-includes/template.php(647): load_template('/app/public/web...', true)
#2 /app/public/web/wp-includes/general-template.php(41): locate_template(Array, true)
#3 /app/public/web/wp-content/themes/twentyseventeen-child/index.php(18): get_header()
#4 /app/public/web/wp-includes/template-loader.php(74): include('/app/public/web...')
#5 /app/public/web/wp-blog-header.php(19): require_once('/app/public/web...')
#6 /app/public/index.php(17): require('/app/public/web...')
#7 {main}
  thrown in /app/public/web/wp-content/themes/twentyseventeen-child/header.php on line 53
[03-Dec-2018 06:34:17 UTC] PHP Fatal error:  Uncaught Error: Call to undefined function get_field() in /app/public/web/wp-content/themes/twentyseventeen-child/header.php:51
Stack trace:
#0 /app/public/web/wp-includes/template.php(688): require_once()
#1 /app/public/web/wp-includes/template.php(647): load_template('/app/public/web...', true)
#2 /app/public/web/wp-includes/general-template.php(41): locate_template(Array, true)
#3 /app/public/web/wp-content/themes/twentyseventeen-child/index.php(18): get_header()
#4 /app/public/web/wp-includes/template-loader.php(74): include('/app/public/web...')
#5 /app/public/web/wp-blog-header.php(19): require_once('/app/public/web...')
#6 /app/public/index.php(17): require('/app/public/web...')
#7 {main}
  thrown in /app/public/web/wp-content/themes/twentyseventeen-child/header.php on line 51
[03-Dec-2018 06:34:24 UTC] PHP Fatal error:  Uncaught Error: Call to undefined function get_field() in /app/public/web/wp-content/themes/twentyseventeen-child/header.php:51
Stack trace:
#0 /app/public/web/wp-includes/template.php(688): require_once()
#1 /app/public/web/wp-includes/template.php(647): load_template('/app/public/web...', true)
#2 /app/public/web/wp-includes/general-template.php(41): locate_template(Array, true)
#3 /app/public/web/wp-content/themes/twentyseventeen-child/index.php(18): get_header()
#4 /app/public/web/wp-includes/template-loader.php(74): include('/app/public/web...')
#5 /app/public/web/wp-blog-header.php(19): require_once('/app/public/web...')
#6 /app/public/index.php(17): require('/app/public/web...')
#7 {main}
  thrown in /app/public/web/wp-content/themes/twentyseventeen-child/header.php on line 51
[03-Dec-2018 06:34:26 UTC] PHP Fatal error:  Uncaught Error: Call to undefined function get_field() in /app/public/web/wp-content/themes/twentyseventeen-child/header.php:51
Stack trace:
#0 /app/public/web/wp-includes/template.php(688): require_once()
#1 /app/public/web/wp-includes/template.php(647): load_template('/app/public/web...', true)
#2 /app/public/web/wp-includes/general-template.php(41): locate_template(Array, true)
#3 /app/public/web/wp-content/themes/twentyseventeen-child/index.php(18): get_header()
#4 /app/public/web/wp-includes/template-loader.php(74): include('/app/public/web...')
#5 /app/public/web/wp-blog-header.php(19): require_once('/app/public/web...')
#6 /app/public/index.php(17): require('/app/public/web...')
#7 {main}
  thrown in /app/public/web/wp-content/themes/twentyseventeen-child/header.php on line 51
[03-Dec-2018 06:36:04 UTC] PHP Warning:  count(): Parameter must be an array or an object that implements Countable in /app/public/web/wp-content/themes/twentyseventeen-child/header.php on line 44
[03-Dec-2018 06:36:05 UTC] PHP Warning:  count(): Parameter must be an array or an object that implements Countable in /app/public/web/wp-content/themes/twentyseventeen-child/header.php on line 44
[03-Dec-2018 06:36:07 UTC] PHP Warning:  count(): Parameter must be an array or an object that implements Countable in /app/public/web/wp-content/themes/twentyseventeen-child/header.php on line 44
[03-Dec-2018 06:36:35 UTC] PHP Warning:  count(): Parameter must be an array or an object that implements Countable in /app/public/web/wp-content/themes/twentyseventeen-child/header.php on line 44
[03-Dec-2018 06:38:21 UTC] PHP Recoverable fatal error:  Object of class WP_Term could not be converted to string in /app/public/web/wp-content/themes/twentyseventeen-child/header.php on line 49
[03-Dec-2018 06:38:23 UTC] PHP Recoverable fatal error:  Object of class WP_Term could not be converted to string in /app/public/web/wp-content/themes/twentyseventeen-child/header.php on line 49
[03-Dec-2018 06:38:56 UTC] PHP Recoverable fatal error:  Object of class WP_Term could not be converted to string in /app/public/web/wp-content/themes/twentyseventeen-child/header.php on line 49
[03-Dec-2018 06:39:15 UTC] PHP Recoverable fatal error:  Object of class WP_Term could not be converted to string in /app/public/web/wp-content/themes/twentyseventeen-child/header.php on line 49
[03-Dec-2018 06:39:32 UTC] PHP Fatal error:  Uncaught Error: Cannot use object of type WP_Term as array in /app/public/web/wp-content/themes/twentyseventeen-child/header.php:49
Stack trace:
#0 /app/public/web/wp-includes/template.php(688): require_once()
#1 /app/public/web/wp-includes/template.php(647): load_template('/app/public/web...', true)
#2 /app/public/web/wp-includes/general-template.php(41): locate_template(Array, true)
#3 /app/public/web/wp-content/themes/twentyseventeen-child/index.php(18): get_header()
#4 /app/public/web/wp-includes/template-loader.php(74): include('/app/public/web...')
#5 /app/public/web/wp-blog-header.php(19): require_once('/app/public/web...')
#6 /app/public/index.php(17): require('/app/public/web...')
#7 {main}
  thrown in /app/public/web/wp-content/themes/twentyseventeen-child/header.php on line 49
[03-Dec-2018 06:40:19 UTC] PHP Fatal error:  Uncaught Error: Cannot use object of type WP_Term as array in /app/public/web/wp-content/themes/twentyseventeen-child/header.php:49
Stack trace:
#0 /app/public/web/wp-includes/template.php(688): require_once()
#1 /app/public/web/wp-includes/template.php(647): load_template('/app/public/web...', true)
#2 /app/public/web/wp-includes/general-template.php(41): locate_template(Array, true)
#3 /app/public/web/wp-content/themes/twentyseventeen-child/index.php(18): get_header()
#4 /app/public/web/wp-includes/template-loader.php(74): include('/app/public/web...')
#5 /app/public/web/wp-blog-header.php(19): require_once('/app/public/web...')
#6 /app/public/index.php(17): require('/app/public/web...')
#7 {main}
  thrown in /app/public/web/wp-content/themes/twentyseventeen-child/header.php on line 49
[03-Dec-2018 06:40:32 UTC] PHP Fatal error:  Uncaught Error: Cannot use object of type WP_Term as array in /app/public/web/wp-content/themes/twentyseventeen-child/header.php:49
Stack trace:
#0 /app/public/web/wp-includes/template.php(688): require_once()
#1 /app/public/web/wp-includes/template.php(647): load_template('/app/public/web...', true)
#2 /app/public/web/wp-includes/general-template.php(41): locate_template(Array, true)
#3 /app/public/web/wp-content/themes/twentyseventeen-child/index.php(18): get_header()
#4 /app/public/web/wp-includes/template-loader.php(74): include('/app/public/web...')
#5 /app/public/web/wp-blog-header.php(19): require_once('/app/public/web...')
#6 /app/public/index.php(17): require('/app/public/web...')
#7 {main}
  thrown in /app/public/web/wp-content/themes/twentyseventeen-child/header.php on line 49
[03-Dec-2018 06:40:34 UTC] PHP Fatal error:  Uncaught Error: Cannot use object of type WP_Term as array in /app/public/web/wp-content/themes/twentyseventeen-child/header.php:49
Stack trace:
#0 /app/public/web/wp-includes/template.php(688): require_once()
#1 /app/public/web/wp-includes/template.php(647): load_template('/app/public/web...', true)
#2 /app/public/web/wp-includes/general-template.php(41): locate_template(Array, true)
#3 /app/public/web/wp-content/themes/twentyseventeen-child/index.php(18): get_header()
#4 /app/public/web/wp-includes/template-loader.php(74): include('/app/public/web...')
#5 /app/public/web/wp-blog-header.php(19): require_once('/app/public/web...')
#6 /app/public/index.php(17): require('/app/public/web...')
#7 {main}
  thrown in /app/public/web/wp-content/themes/twentyseventeen-child/header.php on line 49
[03-Dec-2018 06:41:14 UTC] PHP Recoverable fatal error:  Object of class WP_Term could not be converted to string in /app/public/web/wp-content/themes/twentyseventeen-child/header.php on line 49
[03-Dec-2018 06:41:26 UTC] PHP Recoverable fatal error:  Object of class WP_Term could not be converted to string in /app/public/web/wp-content/themes/twentyseventeen-child/header.php on line 49
[03-Dec-2018 06:41:27 UTC] PHP Recoverable fatal error:  Object of class WP_Term could not be converted to string in /app/public/web/wp-content/themes/twentyseventeen-child/header.php on line 49
[03-Dec-2018 06:41:34 UTC] PHP Recoverable fatal error:  Object of class WP_Term could not be converted to string in /app/public/web/wp-content/themes/twentyseventeen-child/header.php on line 49
[03-Dec-2018 06:41:42 UTC] PHP Fatal error:  Uncaught Error: Cannot use object of type WP_Term as array in /app/public/web/wp-content/themes/twentyseventeen-child/header.php:49
Stack trace:
#0 /app/public/web/wp-includes/template.php(688): require_once()
#1 /app/public/web/wp-includes/template.php(647): load_template('/app/public/web...', true)
#2 /app/public/web/wp-includes/general-template.php(41): locate_template(Array, true)
#3 /app/public/web/wp-content/themes/twentyseventeen-child/index.php(18): get_header()
#4 /app/public/web/wp-includes/template-loader.php(74): include('/app/public/web...')
#5 /app/public/web/wp-blog-header.php(19): require_once('/app/public/web...')
#6 /app/public/index.php(17): require('/app/public/web...')
#7 {main}
  thrown in /app/public/web/wp-content/themes/twentyseventeen-child/header.php on line 49
[03-Dec-2018 06:41:52 UTC] PHP Recoverable fatal error:  Object of class WP_Term could not be converted to string in /app/public/web/wp-content/themes/twentyseventeen-child/header.php on line 49
[03-Dec-2018 06:42:33 UTC] PHP Warning:  Use of undefined constant cat_name - assumed 'cat_name' (this will throw an Error in a future version of PHP) in /app/public/web/wp-content/themes/twentyseventeen-child/header.php on line 49
[03-Dec-2018 06:42:33 UTC] PHP Fatal error:  Uncaught Error: Cannot use object of type WP_Term as array in /app/public/web/wp-content/themes/twentyseventeen-child/header.php:49
Stack trace:
#0 /app/public/web/wp-includes/template.php(688): require_once()
#1 /app/public/web/wp-includes/template.php(647): load_template('/app/public/web...', true)
#2 /app/public/web/wp-includes/general-template.php(41): locate_template(Array, true)
#3 /app/public/web/wp-content/themes/twentyseventeen-child/index.php(18): get_header()
#4 /app/public/web/wp-includes/template-loader.php(74): include('/app/public/web...')
#5 /app/public/web/wp-blog-header.php(19): require_once('/app/public/web...')
#6 /app/public/index.php(17): require('/app/public/web...')
#7 {main}
  thrown in /app/public/web/wp-content/themes/twentyseventeen-child/header.php on line 49
[03-Dec-2018 06:42:40 UTC] PHP Warning:  Use of undefined constant cat_name - assumed 'cat_name' (this will throw an Error in a future version of PHP) in /app/public/web/wp-content/themes/twentyseventeen-child/header.php on line 49
[03-Dec-2018 06:42:40 UTC] PHP Fatal error:  Uncaught Error: Cannot use object of type WP_Term as array in /app/public/web/wp-content/themes/twentyseventeen-child/header.php:49
Stack trace:
#0 /app/public/web/wp-includes/template.php(688): require_once()
#1 /app/public/web/wp-includes/template.php(647): load_template('/app/public/web...', true)
#2 /app/public/web/wp-includes/general-template.php(41): locate_template(Array, true)
#3 /app/public/web/wp-content/themes/twentyseventeen-child/index.php(18): get_header()
#4 /app/public/web/wp-includes/template-loader.php(74): include('/app/public/web...')
#5 /app/public/web/wp-blog-header.php(19): require_once('/app/public/web...')
#6 /app/public/index.php(17): require('/app/public/web...')
#7 {main}
  thrown in /app/public/web/wp-content/themes/twentyseventeen-child/header.php on line 49
[03-Dec-2018 06:42:42 UTC] PHP Warning:  Use of undefined constant cat_name - assumed 'cat_name' (this will throw an Error in a future version of PHP) in /app/public/web/wp-content/themes/twentyseventeen-child/header.php on line 49
[03-Dec-2018 06:42:42 UTC] PHP Fatal error:  Uncaught Error: Cannot use object of type WP_Term as array in /app/public/web/wp-content/themes/twentyseventeen-child/header.php:49
Stack trace:
#0 /app/public/web/wp-includes/template.php(688): require_once()
#1 /app/public/web/wp-includes/template.php(647): load_template('/app/public/web...', true)
#2 /app/public/web/wp-includes/general-template.php(41): locate_template(Array, true)
#3 /app/public/web/wp-content/themes/twentyseventeen-child/index.php(18): get_header()
#4 /app/public/web/wp-includes/template-loader.php(74): include('/app/public/web...')
#5 /app/public/web/wp-blog-header.php(19): require_once('/app/public/web...')
#6 /app/public/index.php(17): require('/app/public/web...')
#7 {main}
  thrown in /app/public/web/wp-content/themes/twentyseventeen-child/header.php on line 49
[03-Dec-2018 06:47:09 UTC] PHP Parse error:  syntax error, unexpected '$cat_v' (T_VARIABLE), expecting ',' or ';' in /app/public/web/wp-content/themes/twentyseventeen-child/header.php on line 49
[03-Dec-2018 06:47:53 UTC] PHP Parse error:  syntax error, unexpected '>' in /app/public/web/wp-content/themes/twentyseventeen-child/header.php on line 49
