2018-12-03T03:28:01.162828Z 0 [Warning] TIMESTAMP with implicit DEFAULT value is deprecated. Please use --explicit_defaults_for_timestamp server option (see documentation for more details).
2018-12-03T03:28:01.163224Z 0 [Note] /usr/sbin/mysqld (mysqld 5.7.23) starting as process 30 ...
2018-12-03T03:28:01.176447Z 0 [Note] InnoDB: PUNCH HOLE support available
2018-12-03T03:28:01.182290Z 0 [Note] InnoDB: Mutexes and rw_locks use GCC atomic builtins
2018-12-03T03:28:01.182973Z 0 [Note] InnoDB: Uses event mutexes
2018-12-03T03:28:01.183387Z 0 [Note] InnoDB: GCC builtin __atomic_thread_fence() is used for memory barrier
2018-12-03T03:28:01.184364Z 0 [Note] InnoDB: Compressed tables use zlib 1.2.3
2018-12-03T03:28:01.185342Z 0 [Note] InnoDB: Using Linux native AIO
2018-12-03T03:28:01.186604Z 0 [Note] InnoDB: Number of pools: 1
2018-12-03T03:28:01.187389Z 0 [Note] InnoDB: Using CPU crc32 instructions
2018-12-03T03:28:01.202795Z 0 [Note] InnoDB: Initializing buffer pool, total size = 32M, instances = 1, chunk size = 32M
2018-12-03T03:28:01.210265Z 0 [Note] InnoDB: Completed initialization of buffer pool
2018-12-03T03:28:01.223348Z 0 [Note] InnoDB: If the mysqld execution user is authorized, page cleaner thread priority can be changed. See the man page of setpriority().
2018-12-03T03:28:01.953125Z 0 [Note] InnoDB: Highest supported file format is Barracuda.
2018-12-03T03:28:01.988696Z 0 [Note] InnoDB: Log scan progressed past the checkpoint lsn 2588963
2018-12-03T03:28:01.989056Z 0 [Note] InnoDB: Doing recovery: scanned up to log sequence number 2591784
2018-12-03T03:28:02.085629Z 0 [Note] InnoDB: Database was not shutdown normally!
2018-12-03T03:28:02.086700Z 0 [Note] InnoDB: Starting crash recovery.
2018-12-03T03:28:03.844690Z 0 [Note] InnoDB: Starting an apply batch of log records to the database...
InnoDB: Progress in percent: 27 28 29 30 31 32 33 34 35 36 37 38 39 40 41 42 43 44 45 46 47 48 49 50 51 52 53 54 55 56 57 58 59 60 61 62 63 64 65 66 67 68 69 70 71 72 73 74 75 76 77 78 79 80 81 82 83 84 85 86 87 88 89 90 91 92 93 94 95 96 97 98 99 
2018-12-03T03:28:03.851184Z 0 [Note] InnoDB: Apply batch completed
2018-12-03T03:28:04.050129Z 0 [Note] InnoDB: Removed temporary tablespace data file: "ibtmp1"
2018-12-03T03:28:04.050271Z 0 [Note] InnoDB: Creating shared tablespace for temporary tables
2018-12-03T03:28:04.050387Z 0 [Note] InnoDB: Setting file './ibtmp1' size to 12 MB. Physically writing the file full; Please wait ...
2018-12-03T03:28:04.100468Z 0 [Note] InnoDB: File './ibtmp1' size is now 12 MB.
2018-12-03T03:28:04.101346Z 0 [Note] InnoDB: 96 redo rollback segment(s) found. 96 redo rollback segment(s) are active.
2018-12-03T03:28:04.101626Z 0 [Note] InnoDB: 32 non-redo rollback segment(s) are active.
2018-12-03T03:28:04.102146Z 0 [Note] InnoDB: Waiting for purge to start
2018-12-03T03:28:04.152894Z 0 [Note] InnoDB: 5.7.23 started; log sequence number 2591784
2018-12-03T03:28:04.153649Z 0 [Note] Plugin 'FEDERATED' is disabled.
2018-12-03T03:28:04.153809Z 0 [Note] InnoDB: Loading buffer pool(s) from /var/lib/mysql/ib_buffer_pool
2018-12-03T03:28:04.271933Z 0 [Warning] Failed to set up SSL because of the following SSL library error: SSL context is not usable without certificate and private key
2018-12-03T03:28:04.272090Z 0 [Note] Server hostname (bind-address): '*'; port: 3306
2018-12-03T03:28:04.272209Z 0 [Note] IPv6 is available.
2018-12-03T03:28:04.272349Z 0 [Note]   - '::' resolves to '::';
2018-12-03T03:28:04.273050Z 0 [Note] Server socket created on IP: '::'.
2018-12-03T03:28:04.452805Z 0 [Warning] Insecure configuration for --pid-file: Location '/var/run/mysqld' in the path is accessible to all OS users. Consider choosing a different directory.
2018-12-03T03:28:04.454731Z 0 [ERROR] /usr/sbin/mysqld: Table './mysql/user' is marked as crashed and should be repaired
2018-12-03T03:28:04.455107Z 0 [Warning] Checking table:   './mysql/user'
2018-12-03T03:28:04.455236Z 0 [ERROR] 1 client is using or hasn't closed the table properly
2018-12-03T03:28:04.567569Z 0 [Warning] 'user' entry 'root@localhost' ignored in --skip-name-resolve mode.
2018-12-03T03:28:04.568507Z 0 [Warning] 'user' entry 'mysql.session@localhost' ignored in --skip-name-resolve mode.
2018-12-03T03:28:04.568728Z 0 [Warning] 'user' entry 'mysql.sys@localhost' ignored in --skip-name-resolve mode.
2018-12-03T03:28:04.569048Z 0 [Note] InnoDB: Buffer pool(s) load completed at 181203  3:28:04
2018-12-03T03:28:04.569117Z 0 [Warning] 'db' entry 'performance_schema mysql.session@localhost' ignored in --skip-name-resolve mode.
2018-12-03T03:28:04.569335Z 0 [Warning] 'db' entry 'sys mysql.sys@localhost' ignored in --skip-name-resolve mode.
2018-12-03T03:28:04.569688Z 0 [Warning] 'proxies_priv' entry '@ root@localhost' ignored in --skip-name-resolve mode.
2018-12-03T03:28:04.572219Z 0 [Warning] 'tables_priv' entry 'user mysql.session@localhost' ignored in --skip-name-resolve mode.
2018-12-03T03:28:04.572383Z 0 [Warning] 'tables_priv' entry 'sys_config mysql.sys@localhost' ignored in --skip-name-resolve mode.
2018-12-03T03:28:04.588892Z 0 [Note] Event Scheduler: Loaded 0 events
2018-12-03T03:28:04.589244Z 0 [Note] /usr/sbin/mysqld: ready for connections.
Version: '5.7.23'  socket: '/var/run/mysqld/mysqld.sock'  port: 3306  MySQL Community Server (GPL)
2018-12-03T03:28:26.114682Z 4 [ERROR] /usr/sbin/mysqld: Table './mysql/proc' is marked as crashed and should be repaired
2018-12-03T03:28:26.115326Z 4 [Warning] Checking table:   './mysql/proc'
2018-12-03T03:28:26.524576Z 6 [Warning] 'user' entry 'root@localhost' ignored in --skip-name-resolve mode.
2018-12-03T03:28:26.524861Z 6 [Warning] 'user' entry 'mysql.session@localhost' ignored in --skip-name-resolve mode.
2018-12-03T03:28:26.524997Z 6 [Warning] 'user' entry 'mysql.sys@localhost' ignored in --skip-name-resolve mode.
2018-12-03T03:28:26.525268Z 6 [Warning] 'db' entry 'performance_schema mysql.session@localhost' ignored in --skip-name-resolve mode.
2018-12-03T03:28:26.525455Z 6 [Warning] 'db' entry 'sys mysql.sys@localhost' ignored in --skip-name-resolve mode.
2018-12-03T03:28:26.525592Z 6 [Warning] 'proxies_priv' entry '@ root@localhost' ignored in --skip-name-resolve mode.
2018-12-03T03:28:26.525932Z 6 [Warning] 'tables_priv' entry 'user mysql.session@localhost' ignored in --skip-name-resolve mode.
2018-12-03T03:28:26.526123Z 6 [Warning] 'tables_priv' entry 'sys_config mysql.sys@localhost' ignored in --skip-name-resolve mode.
2018-12-03T07:22:15.091708Z 0 [Note] Giving 0 client threads a chance to die gracefully
2018-12-03T07:22:15.091869Z 0 [Note] Shutting down slave threads
2018-12-03T07:22:15.091977Z 0 [Note] Forcefully disconnecting 0 remaining clients
2018-12-03T07:22:15.092072Z 0 [Note] Event Scheduler: Purging the queue. 0 events
2018-12-03T07:22:15.100577Z 0 [Note] Binlog end
2018-12-03T07:22:15.101537Z 0 [Note] Shutting down plugin 'ngram'
2018-12-03T07:22:15.101616Z 0 [Note] Shutting down plugin 'partition'
2018-12-03T07:22:15.101690Z 0 [Note] Shutting down plugin 'BLACKHOLE'
2018-12-03T07:22:15.101752Z 0 [Note] Shutting down plugin 'ARCHIVE'
2018-12-03T07:22:15.101820Z 0 [Note] Shutting down plugin 'PERFORMANCE_SCHEMA'
2018-12-03T07:22:15.101892Z 0 [Note] Shutting down plugin 'MRG_MYISAM'
2018-12-03T07:22:15.101981Z 0 [Note] Shutting down plugin 'MyISAM'
2018-12-03T07:22:15.102056Z 0 [Note] Shutting down plugin 'INNODB_SYS_VIRTUAL'
2018-12-03T07:22:15.102190Z 0 [Note] Shutting down plugin 'INNODB_SYS_DATAFILES'
2018-12-03T07:22:15.102345Z 0 [Note] Shutting down plugin 'INNODB_SYS_TABLESPACES'
2018-12-03T07:22:15.102497Z 0 [Note] Shutting down plugin 'INNODB_SYS_FOREIGN_COLS'
2018-12-03T07:22:15.102589Z 0 [Note] Shutting down plugin 'INNODB_SYS_FOREIGN'
2018-12-03T07:22:15.102672Z 0 [Note] Shutting down plugin 'INNODB_SYS_FIELDS'
2018-12-03T07:22:15.102809Z 0 [Note] Shutting down plugin 'INNODB_SYS_COLUMNS'
2018-12-03T07:22:15.102863Z 0 [Note] Shutting down plugin 'INNODB_SYS_INDEXES'
2018-12-03T07:22:15.102927Z 0 [Note] Shutting down plugin 'INNODB_SYS_TABLESTATS'
2018-12-03T07:22:15.103054Z 0 [Note] Shutting down plugin 'INNODB_SYS_TABLES'
2018-12-03T07:22:15.103135Z 0 [Note] Shutting down plugin 'INNODB_FT_INDEX_TABLE'
2018-12-03T07:22:15.103484Z 0 [Note] Shutting down plugin 'INNODB_FT_INDEX_CACHE'
2018-12-03T07:22:15.103653Z 0 [Note] Shutting down plugin 'INNODB_FT_CONFIG'
2018-12-03T07:22:15.103781Z 0 [Note] Shutting down plugin 'INNODB_FT_BEING_DELETED'
2018-12-03T07:22:15.103832Z 0 [Note] Shutting down plugin 'INNODB_FT_DELETED'
2018-12-03T07:22:15.103985Z 0 [Note] Shutting down plugin 'INNODB_FT_DEFAULT_STOPWORD'
2018-12-03T07:22:15.104066Z 0 [Note] Shutting down plugin 'INNODB_METRICS'
2018-12-03T07:22:15.104109Z 0 [Note] Shutting down plugin 'INNODB_TEMP_TABLE_INFO'
2018-12-03T07:22:15.104265Z 0 [Note] Shutting down plugin 'INNODB_BUFFER_POOL_STATS'
2018-12-03T07:22:15.104341Z 0 [Note] Shutting down plugin 'INNODB_BUFFER_PAGE_LRU'
2018-12-03T07:22:15.104414Z 0 [Note] Shutting down plugin 'INNODB_BUFFER_PAGE'
2018-12-03T07:22:15.104522Z 0 [Note] Shutting down plugin 'INNODB_CMP_PER_INDEX_RESET'
2018-12-03T07:22:15.104590Z 0 [Note] Shutting down plugin 'INNODB_CMP_PER_INDEX'
2018-12-03T07:22:15.104669Z 0 [Note] Shutting down plugin 'INNODB_CMPMEM_RESET'
2018-12-03T07:22:15.104780Z 0 [Note] Shutting down plugin 'INNODB_CMPMEM'
2018-12-03T07:22:15.104956Z 0 [Note] Shutting down plugin 'INNODB_CMP_RESET'
2018-12-03T07:22:15.105009Z 0 [Note] Shutting down plugin 'INNODB_CMP'
2018-12-03T07:22:15.105058Z 0 [Note] Shutting down plugin 'INNODB_LOCK_WAITS'
2018-12-03T07:22:15.105110Z 0 [Note] Shutting down plugin 'INNODB_LOCKS'
2018-12-03T07:22:15.105170Z 0 [Note] Shutting down plugin 'INNODB_TRX'
2018-12-03T07:22:15.105284Z 0 [Note] Shutting down plugin 'InnoDB'
2018-12-03T07:22:15.105645Z 0 [Note] InnoDB: FTS optimize thread exiting.
2018-12-03T07:22:15.105980Z 0 [Note] InnoDB: Starting shutdown...
2018-12-03T07:22:15.206655Z 0 [Note] InnoDB: Dumping buffer pool(s) to /var/lib/mysql/ib_buffer_pool
2018-12-03T07:22:15.207032Z 0 [Note] InnoDB: Buffer pool(s) dump completed at 181203  7:22:15
2018-12-03T07:22:16.720723Z 0 [Note] InnoDB: Shutdown completed; log sequence number 5052573
2018-12-03T07:22:16.721316Z 0 [Note] InnoDB: Removed temporary tablespace data file: "ibtmp1"
2018-12-03T07:22:16.721484Z 0 [Note] Shutting down plugin 'MEMORY'
2018-12-03T07:22:16.721592Z 0 [Note] Shutting down plugin 'CSV'
2018-12-03T07:22:16.721784Z 0 [Note] Shutting down plugin 'sha256_password'
2018-12-03T07:22:16.721968Z 0 [Note] Shutting down plugin 'mysql_native_password'
2018-12-03T07:22:16.722389Z 0 [Note] Shutting down plugin 'binlog'
2018-12-03T07:22:16.723134Z 0 [Note] /usr/sbin/mysqld: Shutdown complete

2018-12-03T07:37:26.491512Z 0 [Warning] TIMESTAMP with implicit DEFAULT value is deprecated. Please use --explicit_defaults_for_timestamp server option (see documentation for more details).
2018-12-03T07:37:26.491852Z 0 [Note] /usr/sbin/mysqld (mysqld 5.7.23) starting as process 71 ...
2018-12-03T07:37:26.522281Z 0 [Note] InnoDB: PUNCH HOLE support available
2018-12-03T07:37:26.522981Z 0 [Note] InnoDB: Mutexes and rw_locks use GCC atomic builtins
2018-12-03T07:37:26.523936Z 0 [Note] InnoDB: Uses event mutexes
2018-12-03T07:37:26.524915Z 0 [Note] InnoDB: GCC builtin __atomic_thread_fence() is used for memory barrier
2018-12-03T07:37:26.526137Z 0 [Note] InnoDB: Compressed tables use zlib 1.2.3
2018-12-03T07:37:26.526270Z 0 [Note] InnoDB: Using Linux native AIO
2018-12-03T07:37:26.527213Z 0 [Note] InnoDB: Number of pools: 1
2018-12-03T07:37:26.528029Z 0 [Note] InnoDB: Using CPU crc32 instructions
2018-12-03T07:37:26.537936Z 0 [Note] InnoDB: Initializing buffer pool, total size = 32M, instances = 1, chunk size = 32M
2018-12-03T07:37:26.569689Z 0 [Note] InnoDB: Completed initialization of buffer pool
2018-12-03T07:37:26.582143Z 0 [Note] InnoDB: If the mysqld execution user is authorized, page cleaner thread priority can be changed. See the man page of setpriority().
2018-12-03T07:37:26.669574Z 0 [Note] InnoDB: Highest supported file format is Barracuda.
2018-12-03T07:37:26.697044Z 0 [Note] InnoDB: Creating shared tablespace for temporary tables
2018-12-03T07:37:26.708091Z 0 [Note] InnoDB: Setting file './ibtmp1' size to 12 MB. Physically writing the file full; Please wait ...
2018-12-03T07:37:26.742220Z 0 [Note] InnoDB: File './ibtmp1' size is now 12 MB.
2018-12-03T07:37:26.743115Z 0 [Note] InnoDB: 96 redo rollback segment(s) found. 96 redo rollback segment(s) are active.
2018-12-03T07:37:26.743549Z 0 [Note] InnoDB: 32 non-redo rollback segment(s) are active.
2018-12-03T07:37:26.745629Z 0 [Note] InnoDB: Waiting for purge to start
2018-12-03T07:37:26.796758Z 0 [Note] InnoDB: 5.7.23 started; log sequence number 5052573
2018-12-03T07:37:26.797559Z 0 [Note] Plugin 'FEDERATED' is disabled.
2018-12-03T07:37:26.799741Z 0 [Warning] Failed to set up SSL because of the following SSL library error: SSL context is not usable without certificate and private key
2018-12-03T07:37:26.800141Z 0 [Note] Server hostname (bind-address): '*'; port: 3306
2018-12-03T07:37:26.801139Z 0 [Note] IPv6 is available.
2018-12-03T07:37:26.801786Z 0 [Note]   - '::' resolves to '::';
2018-12-03T07:37:26.802110Z 0 [Note] Server socket created on IP: '::'.
2018-12-03T07:37:26.801262Z 0 [Note] InnoDB: Loading buffer pool(s) from /var/lib/mysql/ib_buffer_pool
2018-12-03T07:37:26.803909Z 0 [Warning] Insecure configuration for --pid-file: Location '/var/run/mysqld' in the path is accessible to all OS users. Consider choosing a different directory.
2018-12-03T07:37:26.805146Z 0 [Warning] 'user' entry 'root@localhost' ignored in --skip-name-resolve mode.
2018-12-03T07:37:26.805322Z 0 [Warning] 'user' entry 'mysql.session@localhost' ignored in --skip-name-resolve mode.
2018-12-03T07:37:26.805484Z 0 [Warning] 'user' entry 'mysql.sys@localhost' ignored in --skip-name-resolve mode.
2018-12-03T07:37:26.805711Z 0 [Warning] 'db' entry 'performance_schema mysql.session@localhost' ignored in --skip-name-resolve mode.
2018-12-03T07:37:26.805965Z 0 [Warning] 'db' entry 'sys mysql.sys@localhost' ignored in --skip-name-resolve mode.
2018-12-03T07:37:26.806128Z 0 [Warning] 'proxies_priv' entry '@ root@localhost' ignored in --skip-name-resolve mode.
2018-12-03T07:37:26.807741Z 0 [Warning] 'tables_priv' entry 'user mysql.session@localhost' ignored in --skip-name-resolve mode.
2018-12-03T07:37:26.812309Z 0 [Warning] 'tables_priv' entry 'sys_config mysql.sys@localhost' ignored in --skip-name-resolve mode.
2018-12-03T07:37:26.817476Z 0 [Note] InnoDB: Buffer pool(s) load completed at 181203  7:37:26
2018-12-03T07:37:26.836030Z 0 [Note] Event Scheduler: Loaded 0 events
2018-12-03T07:37:26.841795Z 0 [Note] /usr/sbin/mysqld: ready for connections.
Version: '5.7.23'  socket: '/var/run/mysqld/mysqld.sock'  port: 3306  MySQL Community Server (GPL)
